[debug] [2021-09-30T00:00:43.925Z] ----------------------------------------------------------------------
[debug] [2021-09-30T00:00:43.926Z] Command:       /usr/local/bin/node /usr/local/bin/firebase serve
[debug] [2021-09-30T00:00:43.927Z] CLI Version:   9.18.0
[debug] [2021-09-30T00:00:43.927Z] Platform:      darwin
[debug] [2021-09-30T00:00:43.927Z] Node Version:  v14.16.0
[debug] [2021-09-30T00:00:43.928Z] Time:          Wed Sep 29 2021 19:00:43 GMT-0500 (Central Daylight Time)
[debug] [2021-09-30T00:00:43.928Z] ----------------------------------------------------------------------
[debug] 
[debug] [2021-09-30T00:00:43.977Z] > command requires scopes: ["email","openid","https://www.googleapis.com/auth/cloudplatformprojects.readonly","https://www.googleapis.com/auth/firebase","https://www.googleapis.com/auth/cloud-platform"]
[debug] [2021-09-30T00:00:43.977Z] > authorizing via signed-in user (slozada@seguridata.com)
[debug] [2021-09-30T00:00:43.978Z] [iam] checking project seguridata-in-a-box for permissions ["firebase.projects.get"]
[debug] [2021-09-30T00:00:43.979Z] >>> HTTP REQUEST POST https://cloudresourcemanager.googleapis.com/v1/projects/seguridata-in-a-box:testIamPermissions  
 {"permissions":["firebase.projects.get"]}
[debug] [2021-09-30T00:00:44.295Z] <<< HTTP RESPONSE 200 {"content-type":"application/json; charset=UTF-8","vary":"X-Origin, Referer, Origin,Accept-Encoding","date":"Thu, 30 Sep 2021 00:00:44 GMT","server":"ESF","cache-control":"private","x-xss-protection":"0","x-frame-options":"SAMEORIGIN","x-content-type-options":"nosniff","server-timing":"gfet4t7; dur=225","alt-svc":"h3=\":443\"; ma=2592000,h3-29=\":443\"; ma=2592000,h3-T051=\":443\"; ma=2592000,h3-Q050=\":443\"; ma=2592000,h3-Q046=\":443\"; ma=2592000,h3-Q043=\":443\"; ma=2592000,quic=\":443\"; ma=2592000; v=\"46,43\"","accept-ranges":"none","transfer-encoding":"chunked"}
[debug] [2021-09-30T00:00:44.300Z] > refreshing access token with scopes: []
[debug] [2021-09-30T00:00:44.300Z] >>> HTTP REQUEST POST https://www.googleapis.com/oauth2/v3/token  
 <request body omitted>
[debug] [2021-09-30T00:00:44.445Z] <<< HTTP RESPONSE 200 {"expires":"Mon, 01 Jan 1990 00:00:00 GMT","pragma":"no-cache","cache-control":"no-cache, no-store, max-age=0, must-revalidate","date":"Thu, 30 Sep 2021 00:00:44 GMT","content-type":"application/json; charset=utf-8","vary":"X-Origin, Referer, Origin,Accept-Encoding","server":"scaffolding on HTTPServer2","x-xss-protection":"0","x-frame-options":"SAMEORIGIN","x-content-type-options":"nosniff","alt-svc":"h3=\":443\"; ma=2592000,h3-29=\":443\"; ma=2592000,h3-T051=\":443\"; ma=2592000,h3-Q050=\":443\"; ma=2592000,h3-Q046=\":443\"; ma=2592000,h3-Q043=\":443\"; ma=2592000,quic=\":443\"; ma=2592000; v=\"46,43\"","accept-ranges":"none","transfer-encoding":"chunked"}
[debug] [2021-09-30T00:00:44.500Z] >>> [apiv2][query] GET https://firebase.googleapis.com/v1beta1/projects/seguridata-in-a-box [none]
[debug] [2021-09-30T00:00:44.803Z] <<< [apiv2][status] GET https://firebase.googleapis.com/v1beta1/projects/seguridata-in-a-box 200
[debug] [2021-09-30T00:00:44.803Z] <<< [apiv2][body] GET https://firebase.googleapis.com/v1beta1/projects/seguridata-in-a-box {"projectId":"seguridata-in-a-box","projectNumber":"1038660139301","displayName":"Seguridata In A Box","name":"projects/seguridata-in-a-box","resources":{"hostingSite":"seguridata-in-a-box","realtimeDatabaseInstance":"seguridata-in-a-box-default-rtdb","storageBucket":"seguridata-in-a-box.appspot.com","locationId":"us-central"},"state":"ACTIVE"}
[info] 
[info] === Serving from '/Applications/MAMP/htdocs/seguridata/seguridata_expediente'...
[info] 
[warn] ⚠  Your requested "node" version "10" doesn't match your global version "14" {"metadata":{"emulator":{"name":"functions"},"message":"Your requested \"node\" version \"10\" doesn't match your global version \"14\""}}
[debug] [2021-09-30T00:00:44.843Z] defaultcredentials: writing to file /Users/solym/.config/firebase/slozada_seguridata_com_application_default_credentials.json
[debug] [2021-09-30T00:00:44.844Z] Setting GAC to /Users/solym/.config/firebase/slozada_seguridata_com_application_default_credentials.json {"metadata":{"emulator":{"name":"functions"},"message":"Setting GAC to /Users/solym/.config/firebase/slozada_seguridata_com_application_default_credentials.json"}}
[debug] [2021-09-30T00:00:44.845Z] >>> [apiv2][query] GET https://firebase.googleapis.com/v1beta1/projects/seguridata-in-a-box/adminSdkConfig [none]
[debug] [2021-09-30T00:00:45.237Z] <<< [apiv2][status] GET https://firebase.googleapis.com/v1beta1/projects/seguridata-in-a-box/adminSdkConfig 200
[debug] [2021-09-30T00:00:45.238Z] <<< [apiv2][body] GET https://firebase.googleapis.com/v1beta1/projects/seguridata-in-a-box/adminSdkConfig {"projectId":"seguridata-in-a-box","databaseURL":"https://seguridata-in-a-box-default-rtdb.firebaseio.com","storageBucket":"seguridata-in-a-box.appspot.com","locationId":"us-central"}
[info] i  functions: Watching "/Applications/MAMP/htdocs/seguridata/seguridata_expediente/functions" for Cloud Functions... {"metadata":{"emulator":{"name":"functions"},"message":"Watching \"/Applications/MAMP/htdocs/seguridata/seguridata_expediente/functions\" for Cloud Functions..."}}
[debug] [2021-09-30T00:00:45.313Z] [worker-pool] addWorker(~diagnostic~) {"metadata":{"emulator":{"name":"functions"},"message":"[worker-pool] addWorker(~diagnostic~)"}}
[debug] [2021-09-30T00:00:45.314Z] [worker-pool] Adding worker with key ~diagnostic~, total=1 {"metadata":{"emulator":{"name":"functions"},"message":"[worker-pool] Adding worker with key ~diagnostic~, total=1"}}
[debug] [2021-09-30T00:00:45.315Z] [worker-pool] submitWork(triggerId=) {"metadata":{"emulator":{"name":"functions"},"message":"[worker-pool] submitWork(triggerId=)"}}
[debug] [2021-09-30T00:00:45.315Z] [worker-~diagnostic~-c92b0fac-fe50-419c-991b-77c785275bcb]: Assigning socketPath: /var/folders/76/20yyhr1x23s1rd5rfd0rr39r0000gn/T/fire_emu_14158.sock {"metadata":{"emulator":{"name":"functions"},"message":"[worker-~diagnostic~-c92b0fac-fe50-419c-991b-77c785275bcb]: Assigning socketPath: /var/folders/76/20yyhr1x23s1rd5rfd0rr39r0000gn/T/fire_emu_14158.sock"}}
[debug] [2021-09-30T00:00:45.315Z] [worker-~diagnostic~-c92b0fac-fe50-419c-991b-77c785275bcb]: BUSY {"metadata":{"emulator":{"name":"functions"},"message":"[worker-~diagnostic~-c92b0fac-fe50-419c-991b-77c785275bcb]: BUSY"}}
[debug] [2021-09-30T00:00:45.518Z] [runtime-status] [14158] Functions runtime initialized. {"cwd":"/Applications/MAMP/htdocs/seguridata/seguridata_expediente/functions","node_version":"14.16.0"} {"metadata":{"emulator":{"name":"functions"},"message":"[runtime-status] [14158] Functions runtime initialized. {\"cwd\":\"/Applications/MAMP/htdocs/seguridata/seguridata_expediente/functions\",\"node_version\":\"14.16.0\"}"}}
[debug] [2021-09-30T00:00:45.519Z] [runtime-status] [14158] Disabled runtime features: undefined {"metadata":{"emulator":{"name":"functions"},"message":"[runtime-status] [14158] Disabled runtime features: undefined"}}
[debug] [2021-09-30T00:00:45.522Z] [runtime-status] [14158] Resolved module firebase-admin {"declared":true,"installed":true,"version":"9.12.0","resolution":"/Applications/MAMP/htdocs/seguridata/seguridata_expediente/functions/node_modules/firebase-admin/lib/index.js"} {"metadata":{"emulator":{"name":"functions"},"message":"[runtime-status] [14158] Resolved module firebase-admin {\"declared\":true,\"installed\":true,\"version\":\"9.12.0\",\"resolution\":\"/Applications/MAMP/htdocs/seguridata/seguridata_expediente/functions/node_modules/firebase-admin/lib/index.js\"}"}}
[debug] [2021-09-30T00:00:45.524Z] [runtime-status] [14158] Resolved module firebase-functions {"declared":true,"installed":true,"version":"3.15.7","resolution":"/Applications/MAMP/htdocs/seguridata/seguridata_expediente/functions/node_modules/firebase-functions/lib/index.js"} {"metadata":{"emulator":{"name":"functions"},"message":"[runtime-status] [14158] Resolved module firebase-functions {\"declared\":true,\"installed\":true,\"version\":\"3.15.7\",\"resolution\":\"/Applications/MAMP/htdocs/seguridata/seguridata_expediente/functions/node_modules/firebase-functions/lib/index.js\"}"}}
[debug] [2021-09-30T00:00:45.525Z] [runtime-status] [14158] Found local functions config: /Applications/MAMP/htdocs/seguridata/seguridata_expediente/functions/.runtimeconfig.json {"metadata":{"emulator":{"name":"functions"},"message":"[runtime-status] [14158] Found local functions config: /Applications/MAMP/htdocs/seguridata/seguridata_expediente/functions/.runtimeconfig.json"}}
[debug] [2021-09-30T00:00:45.527Z] [runtime-status] [14158] Resolved module firebase-functions {"declared":true,"installed":true,"version":"3.15.7","resolution":"/Applications/MAMP/htdocs/seguridata/seguridata_expediente/functions/node_modules/firebase-functions/lib/index.js"} {"metadata":{"emulator":{"name":"functions"},"message":"[runtime-status] [14158] Resolved module firebase-functions {\"declared\":true,\"installed\":true,\"version\":\"3.15.7\",\"resolution\":\"/Applications/MAMP/htdocs/seguridata/seguridata_expediente/functions/node_modules/firebase-functions/lib/index.js\"}"}}
[debug] [2021-09-30T00:00:45.528Z] [runtime-status] [14158] Outgoing network have been stubbed. [{"name":"http","status":"mocked"},{"name":"http","status":"mocked"},{"name":"https","status":"mocked"},{"name":"https","status":"mocked"},{"name":"net","status":"mocked"}] {"metadata":{"emulator":{"name":"functions"},"message":"[runtime-status] [14158] Outgoing network have been stubbed. [{\"name\":\"http\",\"status\":\"mocked\"},{\"name\":\"http\",\"status\":\"mocked\"},{\"name\":\"https\",\"status\":\"mocked\"},{\"name\":\"https\",\"status\":\"mocked\"},{\"name\":\"net\",\"status\":\"mocked\"}]"}}
[debug] [2021-09-30T00:00:45.529Z] [runtime-status] [14158] Resolved module firebase-functions {"declared":true,"installed":true,"version":"3.15.7","resolution":"/Applications/MAMP/htdocs/seguridata/seguridata_expediente/functions/node_modules/firebase-functions/lib/index.js"} {"metadata":{"emulator":{"name":"functions"},"message":"[runtime-status] [14158] Resolved module firebase-functions {\"declared\":true,\"installed\":true,\"version\":\"3.15.7\",\"resolution\":\"/Applications/MAMP/htdocs/seguridata/seguridata_expediente/functions/node_modules/firebase-functions/lib/index.js\"}"}}
[debug] [2021-09-30T00:00:45.558Z] [runtime-status] [14158] Checked functions.config() {"config":{"sendgrid":{"template":"d-974bae7e6af8466ba376f0e99f3cb035","key":"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"}}} {"metadata":{"emulator":{"name":"functions"},"message":"[runtime-status] [14158] Checked functions.config() {\"config\":{\"sendgrid\":{\"template\":\"d-974bae7e6af8466ba376f0e99f3cb035\",\"key\":\"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\"}}}"}}
[debug] [2021-09-30T00:00:45.558Z] [runtime-status] [14158] firebase-functions has been stubbed. {"functionsResolution":{"declared":true,"installed":true,"version":"3.15.7","resolution":"/Applications/MAMP/htdocs/seguridata/seguridata_expediente/functions/node_modules/firebase-functions/lib/index.js"}} {"metadata":{"emulator":{"name":"functions"},"message":"[runtime-status] [14158] firebase-functions has been stubbed. {\"functionsResolution\":{\"declared\":true,\"installed\":true,\"version\":\"3.15.7\",\"resolution\":\"/Applications/MAMP/htdocs/seguridata/seguridata_expediente/functions/node_modules/firebase-functions/lib/index.js\"}}"}}
[debug] [2021-09-30T00:00:45.559Z] [runtime-status] [14158] Resolved module firebase-functions {"declared":true,"installed":true,"version":"3.15.7","resolution":"/Applications/MAMP/htdocs/seguridata/seguridata_expediente/functions/node_modules/firebase-functions/lib/index.js"} {"metadata":{"emulator":{"name":"functions"},"message":"[runtime-status] [14158] Resolved module firebase-functions {\"declared\":true,\"installed\":true,\"version\":\"3.15.7\",\"resolution\":\"/Applications/MAMP/htdocs/seguridata/seguridata_expediente/functions/node_modules/firebase-functions/lib/index.js\"}"}}
[debug] [2021-09-30T00:00:45.559Z] [runtime-status] [14158] Resolved module firebase-admin {"declared":true,"installed":true,"version":"9.12.0","resolution":"/Applications/MAMP/htdocs/seguridata/seguridata_expediente/functions/node_modules/firebase-admin/lib/index.js"} {"metadata":{"emulator":{"name":"functions"},"message":"[runtime-status] [14158] Resolved module firebase-admin {\"declared\":true,\"installed\":true,\"version\":\"9.12.0\",\"resolution\":\"/Applications/MAMP/htdocs/seguridata/seguridata_expediente/functions/node_modules/firebase-admin/lib/index.js\"}"}}
[debug] [2021-09-30T00:00:45.560Z] [runtime-status] [14158] Resolved module firebase-functions {"declared":true,"installed":true,"version":"3.15.7","resolution":"/Applications/MAMP/htdocs/seguridata/seguridata_expediente/functions/node_modules/firebase-functions/lib/index.js"} {"metadata":{"emulator":{"name":"functions"},"message":"[runtime-status] [14158] Resolved module firebase-functions {\"declared\":true,\"installed\":true,\"version\":\"3.15.7\",\"resolution\":\"/Applications/MAMP/htdocs/seguridata/seguridata_expediente/functions/node_modules/firebase-functions/lib/index.js\"}"}}
[debug] [2021-09-30T00:00:45.560Z] [runtime-status] [14158] firebase-admin has been stubbed. {"adminResolution":{"declared":true,"installed":true,"version":"9.12.0","resolution":"/Applications/MAMP/htdocs/seguridata/seguridata_expediente/functions/node_modules/firebase-admin/lib/index.js"}} {"metadata":{"emulator":{"name":"functions"},"message":"[runtime-status] [14158] firebase-admin has been stubbed. {\"adminResolution\":{\"declared\":true,\"installed\":true,\"version\":\"9.12.0\",\"resolution\":\"/Applications/MAMP/htdocs/seguridata/seguridata_expediente/functions/node_modules/firebase-admin/lib/index.js\"}}"}}
[debug] [2021-09-30T00:00:45.561Z] [runtime-status] [14158] initializeApp(DEFAULT) {"storageBucket":"seguridata-in-a-box.appspot.com","databaseURL":"https://seguridata-in-a-box-default-rtdb.firebaseio.com","projectId":"seguridata-in-a-box"} {"metadata":{"emulator":{"name":"functions"},"message":"[runtime-status] [14158] initializeApp(DEFAULT) {\"storageBucket\":\"seguridata-in-a-box.appspot.com\",\"databaseURL\":\"https://seguridata-in-a-box-default-rtdb.firebaseio.com\",\"projectId\":\"seguridata-in-a-box\"}"}}
[info] ✔  functions[us-central1-uploadNewDoc]: http function initialized (http://localhost:5000/seguridata-in-a-box/us-central1/uploadNewDoc). {"metadata":{"emulator":{"name":"functions"},"message":"\u001b[1mhttp\u001b[22m function initialized (http://localhost:5000/seguridata-in-a-box/us-central1/uploadNewDoc)."}}
[debug] [2021-09-30T00:00:45.596Z] [worker-~diagnostic~-c92b0fac-fe50-419c-991b-77c785275bcb]: IDLE {"metadata":{"emulator":{"name":"functions"},"message":"[worker-~diagnostic~-c92b0fac-fe50-419c-991b-77c785275bcb]: IDLE"}}
